<?xml version="1.0" encoding="UTF-8"?>
<!-- Generated by org.testng.reporters.JUnitReportReporter -->
<testsuite hostname="YMS" failures="0" tests="1" name="Test.Testpg" time="19.339" errors="0" timestamp="2023-07-27T12:22:54 IST" skipped="0">
  <testcase classname="Test.Testpg" name="testing" time="19.339"/>
</testsuite> <!-- Test.Testpg -->
